#
# There is insufficient memory for the Java Runtime Environment to continue.
# Native memory allocation (mmap) failed to map 1958739968 bytes for G1 virtual space
# Possible reasons:
#   The system is out of physical RAM or swap space
#   The process is running with CompressedOops enabled, and the Java Heap may be blocking the growth of the native heap
# Possible solutions:
#   Reduce memory load on the system
#   Increase physical memory or swap space
#   Check if swap backing store is full
#   Decrease Java heap size (-Xmx/-Xms)
#   Decrease number of Java threads
#   Decrease Java thread stack sizes (-Xss)
#   Set larger code cache with -XX:ReservedCodeCacheSize=
#   JVM is running with Unscaled Compressed Oops mode in which the Java heap is
#     placed in the first 4GB address space. The Java Heap base address is the
#     maximum limit for the native heap growth. Please use -XX:HeapBaseMinAddress
#     to set the Java Heap base and to place the Java Heap above 4GB virtual address.
# This output file may be truncated or incomplete.
#
#  Out of Memory Error (./open/src/hotspot/os/windows/os_windows.cpp:3472), pid=3244, tid=16912
#
# JRE version: Java(TM) SE Runtime Environment (15.0.1+9) (build 15.0.1+9-18)
# Java VM: Java HotSpot(TM) 64-Bit Server VM (15.0.1+9-18, mixed mode, sharing, tiered, compressed oops, g1 gc, windows-amd64)
# No core dump will be written. Minidumps are not enabled by default on client versions of Windows
#

---------------  S U M M A R Y ------------

Command Line: -XX:+ShowCodeDetailsInExceptionMessages -agentlib:jdwp=transport=dt_socket,suspend=y,address=localhost:58909 -javaagent:C:\Users\Asus\Desktop\linux-sql- java\eclipse\configuration\org.eclipse.osgi\215\0\.cp\lib\javaagent-shaded.jar -Dfile.encoding=Cp1252 assembly.assembly_line

Host: Intel(R) Core(TM) i5-8265U CPU @ 1.60GHz, 8 cores, 7G,  Windows 10 , 64 bit Build 19041 (10.0.19041.928)
Time: Sun Apr 18 03:12:17 2021 Malay Peninsula Standard Time elapsed time: 0.930686 seconds (0d 0h 0m 0s)

---------------  T H R E A D  ---------------

Current thread (0x0000020dfe1e8bd0):  VMThread "VM Thread" [stack: 0x000000181b200000,0x000000181b300000] [id=16912]

Stack: [0x000000181b200000,0x000000181b300000]
[error occurred during error reporting (printing stack bounds), id 0xc0000005, EXCEPTION_ACCESS_VIOLATION (0xc0000005) at pc=0x0000020d800010ad]

Native frames: (J=compiled Java code, j=interpreted, Vv=VM code, C=native code)
V  [jvm.dll+0x62ae9a]
V  [jvm.dll+0x781389]
V  [jvm.dll+0x782ae3]
V  [jvm.dll+0x7830a5]
V  [jvm.dll+0x78305b]
V  [jvm.dll+0x62a2b9]
V  [jvm.dll+0x62aa88]
C  [ntdll.dll+0xa207f]
C  [ntdll.dll+0x51454]
C  [ntdll.dll+0xa0bae]
C  0x0000020d800010ad

VM_Operation (0x000000181acff370): G1CollectForAllocation, mode: safepoint, requested by thread 0x0000020dee840900


---------------  P R O C E S S  ---------------

Threads class SMR info:
_java_thread_list=0x0000020dfedf0b50, length=14, elements={
0x0000020dee840900, 0x0000020dfe1ecc00, 0x0000020dfe1ed3e0, 0x0000020dfe207080,
0x0000020dfe209660, 0x0000020dfe20b4d0, 0x0000020dfe210340, 0x0000020dfe21eda0,
0x0000020dfe230a40, 0x0000020dfe25e890, 0x0000020dfecf2f90, 0x0000020dfedb1e20,
0x0000020dfedba300, 0x0000020dfedfaad0
}

Java Threads: ( => current thread )
  0x0000020dee840900 JavaThread "main" [_thread_blocked, id=13500, stack(0x000000181ac00000,0x000000181ad00000)]
  0x0000020dfe1ecc00 JavaThread "Reference Handler" daemon [_thread_blocked, id=17940, stack(0x000000181b300000,0x000000181b400000)]
  0x0000020dfe1ed3e0 JavaThread "Finalizer" daemon [_thread_blocked, id=5164, stack(0x000000181b400000,0x000000181b500000)]
  0x0000020dfe207080 JavaThread "Signal Dispatcher" daemon [_thread_blocked, id=22580, stack(0x000000181b500000,0x000000181b600000)]
  0x0000020dfe209660 JavaThread "Attach Listener" daemon [_thread_blocked, id=13928, stack(0x000000181b600000,0x000000181b700000)]
  0x0000020dfe20b4d0 JavaThread "Service Thread" daemon [_thread_blocked, id=22480, stack(0x000000181b700000,0x000000181b800000)]
  0x0000020dfe210340 JavaThread "C2 CompilerThread0" daemon [_thread_blocked, id=21020, stack(0x000000181b800000,0x000000181b900000)]
  0x0000020dfe21eda0 JavaThread "C1 CompilerThread0" daemon [_thread_blocked, id=11512, stack(0x000000181b900000,0x000000181ba00000)]
  0x0000020dfe230a40 JavaThread "Sweeper thread" daemon [_thread_blocked, id=19140, stack(0x000000181ba00000,0x000000181bb00000)]
  0x0000020dfe25e890 JavaThread "Common-Cleaner" daemon [_thread_blocked, id=22724, stack(0x000000181bb00000,0x000000181bc00000)]
  0x0000020dfecf2f90 JavaThread "JDWP Transport Listener: dt_socket" daemon [_thread_blocked, id=17580, stack(0x000000181bc00000,0x000000181bd00000)]
  0x0000020dfedb1e20 JavaThread "JDWP Event Helper Thread" daemon [_thread_blocked, id=20300, stack(0x000000181bd00000,0x000000181be00000)]
  0x0000020dfedba300 JavaThread "JDWP Command Reader" daemon [_thread_in_native, id=20740, stack(0x000000181be00000,0x000000181bf00000)]
  0x0000020dfedfaad0 JavaThread "Notification Thread" daemon [_thread_blocked, id=19508, stack(0x000000181bf00000,0x000000181c000000)]

Other Threads:
=>0x0000020dfe1e8bd0 VMThread "VM Thread" [stack: 0x000000181b200000,0x000000181b300000] [id=16912]
  0x0000020dee8418c0 WatcherThread [stack: 0x000000181c000000,0x000000181c100000] [id=20488]
  0x0000020dee880eb0 GCTaskThread "GC Thread#0" [stack: 0x000000181ad00000,0x000000181ae00000] [id=5328]
  0x0000020dfed3dd00 GCTaskThread "GC Thread#1" [stack: 0x000000181c100000,0x000000181c200000] [id=6656]
  0x0000020dfed3ecf0 GCTaskThread "GC Thread#2" [stack: 0x000000181c200000,0x000000181c300000] [id=16052]
  0x0000020dee8920e0 ConcurrentGCThread "G1 Main Marker" [stack: 0x000000181ae00000,0x000000181af00000] [id=5128]
  0x0000020dee892cd0 ConcurrentGCThread "G1 Conc#0" [stack: 0x000000181af00000,0x000000181b000000] [id=5632]
  0x0000020dfed3e360 ConcurrentGCThread "G1 Conc#1" [stack: 0x000000181c300000,0x000000181c400000] [id=2316]
  0x0000020dee91cf00 ConcurrentGCThread "G1 Refine#0" [stack: 0x000000181b000000,0x000000181b100000] [id=17632]
  0x0000020dee91e5c0 ConcurrentGCThread "G1 Young RemSet Sampling" [stack: 0x000000181b100000,0x000000181b200000] [id=18848]

Threads with active compile tasks:

VM state: at safepoint (normal execution)

VM Mutex/Monitor currently owned by a thread:  ([mutex/lock_event])
[0x0000020dee83a740] Threads_lock - owner thread: 0x0000020dfe1e8bd0
[0x0000020dee83b940] Heap_lock - owner thread: 0x0000020dee840900

Heap address: 0x0000000083600000, size: 1994 MB, Compressed Oops mode: 32-bit
CDS archive(s) mapped at: [0x0000000800000000-0x0000000800b50000-0x0000000800b50000), size 11862016, SharedBaseAddress: 0x0000000800000000, ArchiveRelocationMode: 0.
Compressed class space mapped at: 0x0000000800b50000-0x0000000840b50000, size: 1073741824
Narrow klass base: 0x0000000800000000, Narrow klass shift: 3, Narrow klass range: 0x100000000

GC Precious Log:
 CPUs: 8 total, 8 available
 Memory: 7974M
 Large Page Support: Disabled
 NUMA Support: Disabled
 Compressed Oops: Enabled (32-bit)
 Heap Region Size: 1M
 Heap Min Capacity: 8M
 Heap Initial Capacity: 126M
 Heap Max Capacity: 1994M
 Pre-touch: Disabled
 Parallel Workers: 8
 Concurrent Workers: 2
 Concurrent Refinement Workers: 8
 Periodic GC: Disabled

Heap:
 garbage-first heap   total 2041856K, used 1405K [0x0000000083600000, 0x0000000100000000)
  region size 1024K, 0 young (0K), 0 survivors (0K)
 Metaspace       used 2730K, capacity 4806K, committed 5120K, reserved 1056768K
  class space    used 249K, capacity 429K, committed 512K, reserved 1048576K

Heap Regions: E=young(eden), S=young(survivor), O=old, HS=humongous(starts), HC=humongous(continues), CS=collection set, F=free, OA=open archive, CA=closed archive, TAMS=top-at-mark-start (previous, next)
|   0|0x0000000083600000, 0x0000000083700000, 0x0000000083700000|100%| O|  |TAMS 0x0000000083600000, 0x0000000083600000| Untracked 
|   1|0x0000000083700000, 0x000000008375f600, 0x0000000083800000| 37%| O|  |TAMS 0x0000000083700000, 0x0000000083700000| Untracked 
|   2|0x0000000083800000, 0x0000000083800000, 0x0000000083900000|  0%| F|  |TAMS 0x0000000083800000, 0x0000000083800000| Untracked 
|   3|0x0000000083900000, 0x0000000083900000, 0x0000000083a00000|  0%| F|  |TAMS 0x0000000083900000, 0x0000000083900000| Untracked 
|   4|0x0000000083a00000, 0x0000000083a00000, 0x0000000083b00000|  0%| F|  |TAMS 0x0000000083a00000, 0x0000000083a00000| Untracked 
|   5|0x0000000083b00000, 0x0000000083b00000, 0x0000000083c00000|  0%| F|  |TAMS 0x0000000083b00000, 0x0000000083b00000| Untracked 
|   6|0x0000000083c00000, 0x0000000083c00000, 0x0000000083d00000|  0%| F|  |TAMS 0x0000000083c00000, 0x0000000083c00000| Untracked 
|   7|0x0000000083d00000, 0x0000000083d00000, 0x0000000083e00000|  0%| F|  |TAMS 0x0000000083d00000, 0x0000000083d00000| Untracked 
|   8|0x0000000083e00000, 0x0000000083e00000, 0x0000000083f00000|  0%| F|  |TAMS 0x0000000083e00000, 0x0000000083e00000| Untracked 
|   9|0x0000000083f00000, 0x0000000083f00000, 0x0000000084000000|  0%| F|  |TAMS 0x0000000083f00000, 0x0000000083f00000| Untracked 
|  10|0x0000000084000000, 0x0000000084000000, 0x0000000084100000|  0%| F|  |TAMS 0x0000000084000000, 0x0000000084000000| Untracked 
|  11|0x0000000084100000, 0x0000000084100000, 0x0000000084200000|  0%| F|  |TAMS 0x0000000084100000, 0x0000000084100000| Untracked 
|  12|0x0000000084200000, 0x0000000084200000, 0x0000000084300000|  0%| F|  |TAMS 0x0000000084200000, 0x0000000084200000| Untracked 
|  13|0x0000000084300000, 0x0000000084300000, 0x0000000084400000|  0%| F|  |TAMS 0x0000000084300000, 0x0000000084300000| Untracked 
|  14|0x0000000084400000, 0x0000000084400000, 0x0000000084500000|  0%| F|  |TAMS 0x0000000084400000, 0x0000000084400000| Untracked 
|  15|0x0000000084500000, 0x0000000084500000, 0x0000000084600000|  0%| F|  |TAMS 0x0000000084500000, 0x0000000084500000| Untracked 
|  16|0x0000000084600000, 0x0000000084600000, 0x0000000084700000|  0%| F|  |TAMS 0x0000000084600000, 0x0000000084600000| Untracked 
|  17|0x0000000084700000, 0x0000000084700000, 0x0000000084800000|  0%| F|  |TAMS 0x0000000084700000, 0x0000000084700000| Untracked 
|  18|0x0000000084800000, 0x0000000084800000, 0x0000000084900000|  0%| F|  |TAMS 0x0000000084800000, 0x0000000084800000| Untracked 
|  19|0x0000000084900000, 0x0000000084900000, 0x0000000084a00000|  0%| F|  |TAMS 0x0000000084900000, 0x0000000084900000| Untracked 
|  20|0x0000000084a00000, 0x0000000084a00000, 0x0000000084b00000|  0%| F|  |TAMS 0x0000000084a00000, 0x0000000084a00000| Untracked 
|  21|0x0000000084b00000, 0x0000000084b00000, 0x0000000084c00000|  0%| F|  |TAMS 0x0000000084b00000, 0x0000000084b00000| Untracked 
|  22|0x0000000084c00000, 0x0000000084c00000, 0x0000000084d00000|  0%| F|  |TAMS 0x0000000084c00000, 0x0000000084c00000| Untracked 
|  23|0x0000000084d00000, 0x0000000084d00000, 0x0000000084e00000|  0%| F|  |TAMS 0x0000000084d00000, 0x0000000084d00000| Untracked 
|  24|0x0000000084e00000, 0x0000000084e00000, 0x0000000084f00000|  0%| F|  |TAMS 0x0000000084e00000, 0x0000000084e00000| Untracked 
|  25|0x0000000084f00000, 0x0000000084f00000, 0x0000000085000000|  0%| F|  |TAMS 0x0000000084f00000, 0x0000000084f00000| Untracked 
|  26|0x0000000085000000, 0x0000000085000000, 0x0000000085100000|  0%| F|  |TAMS 0x0000000085000000, 0x0000000085000000| Untracked 
|  27|0x0000000085100000, 0x0000000085100000, 0x0000000085200000|  0%| F|  |TAMS 0x0000000085100000, 0x0000000085100000| Untracked 
|  28|0x0000000085200000, 0x0000000085200000, 0x0000000085300000|  0%| F|  |TAMS 0x0000000085200000, 0x0000000085200000| Untracked 
|  29|0x0000000085300000, 0x0000000085300000, 0x0000000085400000|  0%| F|  |TAMS 0x0000000085300000, 0x0000000085300000| Untracked 
|  30|0x0000000085400000, 0x0000000085400000, 0x0000000085500000|  0%| F|  |TAMS 0x0000000085400000, 0x0000000085400000| Untracked 
|  31|0x0000000085500000, 0x0000000085500000, 0x0000000085600000|  0%| F|  |TAMS 0x0000000085500000, 0x0000000085500000| Untracked 
|  32|0x0000000085600000, 0x0000000085600000, 0x0000000085700000|  0%| F|  |TAMS 0x0000000085600000, 0x0000000085600000| Untracked 
|  33|0x0000000085700000, 0x0000000085700000, 0x0000000085800000|  0%| F|  |TAMS 0x0000000085700000, 0x0000000085700000| Untracked 
|  34|0x0000000085800000, 0x0000000085800000, 0x0000000085900000|  0%| F|  |TAMS 0x0000000085800000, 0x0000000085800000| Untracked 
|  35|0x0000000085900000, 0x0000000085900000, 0x0000000085a00000|  0%| F|  |TAMS 0x0000000085900000, 0x0000000085900000| Untracked 
|  36|0x0000000085a00000, 0x0000000085a00000, 0x0000000085b00000|  0%| F|  |TAMS 0x0000000085a00000, 0x0000000085a00000| Untracked 
|  37|0x0000000085b00000, 0x0000000085b00000, 0x0000000085c00000|  0%| F|  |TAMS 0x0000000085b00000, 0x0000000085b00000| Untracked 
|  38|0x0000000085c00000, 0x0000000085c00000, 0x0000000085d00000|  0%| F|  |TAMS 0x0000000085c00000, 0x0000000085c00000| Untracked 
|  39|0x0000000085d00000, 0x0000000085d00000, 0x0000000085e00000|  0%| F|  |TAMS 0x0000000085d00000, 0x0000000085d00000| Untracked 
|  40|0x0000000085e00000, 0x0000000085e00000, 0x0000000085f00000|  0%| F|  |TAMS 0x0000000085e00000, 0x0000000085e00000| Untracked 
|  41|0x0000000085f00000, 0x0000000085f00000, 0x0000000086000000|  0%| F|  |TAMS 0x0000000085f00000, 0x0000000085f00000| Untracked 
|  42|0x0000000086000000, 0x0000000086000000, 0x0000000086100000|  0%| F|  |TAMS 0x0000000086000000, 0x0000000086000000| Untracked 
|  43|0x0000000086100000, 0x0000000086100000, 0x0000000086200000|  0%| F|  |TAMS 0x0000000086100000, 0x0000000086100000| Untracked 
|  44|0x0000000086200000, 0x0000000086200000, 0x0000000086300000|  0%| F|  |TAMS 0x0000000086200000, 0x0000000086200000| Untracked 
|  45|0x0000000086300000, 0x0000000086300000, 0x0000000086400000|  0%| F|  |TAMS 0x0000000086300000, 0x0000000086300000| Untracked 
|  46|0x0000000086400000, 0x0000000086400000, 0x0000000086500000|  0%| F|  |TAMS 0x0000000086400000, 0x0000000086400000| Untracked 
|  47|0x0000000086500000, 0x0000000086500000, 0x0000000086600000|  0%| F|  |TAMS 0x0000000086500000, 0x0000000086500000| Untracked 
|  48|0x0000000086600000, 0x0000000086600000, 0x0000000086700000|  0%| F|  |TAMS 0x0000000086600000, 0x0000000086600000| Untracked 
|  49|0x0000000086700000, 0x0000000086700000, 0x0000000086800000|  0%| F|  |TAMS 0x0000000086700000, 0x0000000086700000| Untracked 
|  50|0x0000000086800000, 0x0000000086800000, 0x0000000086900000|  0%| F|  |TAMS 0x0000000086800000, 0x0000000086800000| Untracked 
|  51|0x0000000086900000, 0x0000000086900000, 0x0000000086a00000|  0%| F|  |TAMS 0x0000000086900000, 0x0000000086900000| Untracked 
|  52|0x0000000086a00000, 0x0000000086a00000, 0x0000000086b00000|  0%| F|  |TAMS 0x0000000086a00000, 0x0000000086a00000| Untracked 
|  53|0x0000000086b00000, 0x0000000086b00000, 0x0000000086c00000|  0%| F|  |TAMS 0x0000000086b00000, 0x0000000086b00000| Untracked 
|  54|0x0000000086c00000, 0x0000000086c00000, 0x0000000086d00000|  0%| F|  |TAMS 0x0000000086c00000, 0x0000000086c00000| Untracked 
|  55|0x0000000086d00000, 0x0000000086d00000, 0x0000000086e00000|  0%| F|  |TAMS 0x0000000086d00000, 0x0000000086d00000| Untracked 
|  56|0x0000000086e00000, 0x0000000086e00000, 0x0000000086f00000|  0%| F|  |TAMS 0x0000000086e00000, 0x0000000086e00000| Untracked 
|  57|0x0000000086f00000, 0x0000000086f00000, 0x0000000087000000|  0%| F|  |TAMS 0x0000000086f00000, 0x0000000086f00000| Untracked 
|  58|0x0000000087000000, 0x0000000087000000, 0x0000000087100000|  0%| F|  |TAMS 0x0000000087000000, 0x0000000087000000| Untracked 
|  59|0x0000000087100000, 0x0000000087100000, 0x0000000087200000|  0%| F|  |TAMS 0x0000000087100000, 0x0000000087100000| Untracked 
|  60|0x0000000087200000, 0x0000000087200000, 0x0000000087300000|  0%| F|  |TAMS 0x0000000087200000, 0x0000000087200000| Untracked 
|  61|0x0000000087300000, 0x0000000087300000, 0x0000000087400000|  0%| F|  |TAMS 0x0000000087300000, 0x0000000087300000| Untracked 
|  62|0x0000000087400000, 0x0000000087400000, 0x0000000087500000|  0%| F|  |TAMS 0x0000000087400000, 0x0000000087400000| Untracked 
|  63|0x0000000087500000, 0x0000000087500000, 0x0000000087600000|  0%| F|  |TAMS 0x0000000087500000, 0x0000000087500000| Untracked 
|  64|0x0000000087600000, 0x0000000087600000, 0x0000000087700000|  0%| F|  |TAMS 0x0000000087600000, 0x0000000087600000| Untracked 
|  65|0x0000000087700000, 0x0000000087700000, 0x0000000087800000|  0%| F|  |TAMS 0x0000000087700000, 0x0000000087700000| Untracked 
|  66|0x0000000087800000, 0x0000000087800000, 0x0000000087900000|  0%| F|  |TAMS 0x0000000087800000, 0x0000000087800000| Untracked 
|  67|0x0000000087900000, 0x0000000087900000, 0x0000000087a00000|  0%| F|  |TAMS 0x0000000087900000, 0x0000000087900000| Untracked 
|  68|0x0000000087a00000, 0x0000000087a00000, 0x0000000087b00000|  0%| F|  |TAMS 0x0000000087a00000, 0x0000000087a00000| Untracked 
|  69|0x0000000087b00000, 0x0000000087b00000, 0x0000000087c00000|  0%| F|  |TAMS 0x0000000087b00000, 0x0000000087b00000| Untracked 
|  70|0x0000000087c00000, 0x0000000087c00000, 0x0000000087d00000|  0%| F|  |TAMS 0x0000000087c00000, 0x0000000087c00000| Untracked 
|  71|0x0000000087d00000, 0x0000000087d00000, 0x0000000087e00000|  0%| F|  |TAMS 0x0000000087d00000, 0x0000000087d00000| Untracked 
|  72|0x0000000087e00000, 0x0000000087e00000, 0x0000000087f00000|  0%| F|  |TAMS 0x0000000087e00000, 0x0000000087e00000| Untracked 
|  73|0x0000000087f00000, 0x0000000087f00000, 0x0000000088000000|  0%| F|  |TAMS 0x0000000087f00000, 0x0000000087f00000| Untracked 
|  74|0x0000000088000000, 0x0000000088000000, 0x0000000088100000|  0%| F|  |TAMS 0x0000000088000000, 0x0000000088000000| Untracked 
|  75|0x0000000088100000, 0x0000000088100000, 0x0000000088200000|  0%| F|  |TAMS 0x0000000088100000, 0x0000000088100000| Untracked 
|  76|0x0000000088200000, 0x0000000088200000, 0x0000000088300000|  0%| F|  |TAMS 0x0000000088200000, 0x0000000088200000| Untracked 
|  77|0x0000000088300000, 0x0000000088300000, 0x0000000088400000|  0%| F|  |TAMS 0x0000000088300000, 0x0000000088300000| Untracked 
|  78|0x0000000088400000, 0x0000000088400000, 0x0000000088500000|  0%| F|  |TAMS 0x0000000088400000, 0x0000000088400000| Untracked 
|  79|0x0000000088500000, 0x0000000088500000, 0x0000000088600000|  0%| F|  |TAMS 0x0000000088500000, 0x0000000088500000| Untracked 
|  80|0x0000000088600000, 0x0000000088600000, 0x0000000088700000|  0%| F|  |TAMS 0x0000000088600000, 0x0000000088600000| Untracked 
|  81|0x0000000088700000, 0x0000000088700000, 0x0000000088800000|  0%| F|  |TAMS 0x0000000088700000, 0x0000000088700000| Untracked 
|  82|0x0000000088800000, 0x0000000088800000, 0x0000000088900000|  0%| F|  |TAMS 0x0000000088800000, 0x0000000088800000| Untracked 
|  83|0x0000000088900000, 0x0000000088900000, 0x0000000088a00000|  0%| F|  |TAMS 0x0000000088900000, 0x0000000088900000| Untracked 
|  84|0x0000000088a00000, 0x0000000088a00000, 0x0000000088b00000|  0%| F|  |TAMS 0x0000000088a00000, 0x0000000088a00000| Untracked 
|  85|0x0000000088b00000, 0x0000000088b00000, 0x0000000088c00000|  0%| F|  |TAMS 0x0000000088b00000, 0x0000000088b00000| Untracked 
|  86|0x0000000088c00000, 0x0000000088c00000, 0x0000000088d00000|  0%| F|  |TAMS 0x0000000088c00000, 0x0000000088c00000| Untracked 
|  87|0x0000000088d00000, 0x0000000088d00000, 0x0000000088e00000|  0%| F|  |TAMS 0x0000000088d00000, 0x0000000088d00000| Untracked 
|  88|0x0000000088e00000, 0x0000000088e00000, 0x0000000088f00000|  0%| F|  |TAMS 0x0000000088e00000, 0x0000000088e00000| Untracked 
|  89|0x0000000088f00000, 0x0000000088f00000, 0x0000000089000000|  0%| F|  |TAMS 0x0000000088f00000, 0x0000000088f00000| Untracked 
|  90|0x0000000089000000, 0x0000000089000000, 0x0000000089100000|  0%| F|  |TAMS 0x0000000089000000, 0x0000000089000000| Untracked 
|  91|0x0000000089100000, 0x0000000089100000, 0x0000000089200000|  0%| F|  |TAMS 0x0000000089100000, 0x0000000089100000| Untracked 
|  92|0x0000000089200000, 0x0000000089200000, 0x0000000089300000|  0%| F|  |TAMS 0x0000000089200000, 0x0000000089200000| Untracked 
|  93|0x0000000089300000, 0x0000000089300000, 0x0000000089400000|  0%| F|  |TAMS 0x0000000089300000, 0x0000000089300000| Untracked 
|  94|0x0000000089400000, 0x0000000089400000, 0x0000000089500000|  0%| F|  |TAMS 0x0000000089400000, 0x0000000089400000| Untracked 
|  95|0x0000000089500000, 0x0000000089500000, 0x0000000089600000|  0%| F|  |TAMS 0x0000000089500000, 0x0000000089500000| Untracked 
|  96|0x0000000089600000, 0x0000000089600000, 0x0000000089700000|  0%| F|  |TAMS 0x0000000089600000, 0x0000000089600000| Untracked 
|  97|0x0000000089700000, 0x0000000089700000, 0x0000000089800000|  0%| F|  |TAMS 0x0000000089700000, 0x0000000089700000| Untracked 
|  98|0x0000000089800000, 0x0000000089800000, 0x0000000089900000|  0%| F|  |TAMS 0x0000000089800000, 0x0000000089800000| Untracked 
|  99|0x0000000089900000, 0x0000000089900000, 0x0000000089a00000|  0%| F|  |TAMS 0x0000000089900000, 0x0000000089900000| Untracked 
| 100|0x0000000089a00000, 0x0000000089a00000, 0x0000000089b00000|  0%| F|  |TAMS 0x0000000089a00000, 0x0000000089a00000| Untracked 
| 101|0x0000000089b00000, 0x0000000089b00000, 0x0000000089c00000|  0%| F|  |TAMS 0x0000000089b00000, 0x0000000089b00000| Untracked 
| 102|0x0000000089c00000, 0x0000000089c00000, 0x0000000089d00000|  0%| F|  |TAMS 0x0000000089c00000, 0x0000000089c00000| Untracked 
| 103|0x0000000089d00000, 0x0000000089d00000, 0x0000000089e00000|  0%| F|  |TAMS 0x0000000089d00000, 0x0000000089d00000| Untracked 
| 104|0x0000000089e00000, 0x0000000089e00000, 0x0000000089f00000|  0%| F|  |TAMS 0x0000000089e00000, 0x0000000089e00000| Untracked 
| 105|0x0000000089f00000, 0x0000000089f00000, 0x000000008a000000|  0%| F|  |TAMS 0x0000000089f00000, 0x0000000089f00000| Untracked 
| 106|0x000000008a000000, 0x000000008a000000, 0x000000008a100000|  0%| F|  |TAMS 0x000000008a000000, 0x000000008a000000| Untracked 
| 107|0x000000008a100000, 0x000000008a100000, 0x000000008a200000|  0%| F|  |TAMS 0x000000008a100000, 0x000000008a100000| Untracked 
| 108|0x000000008a200000, 0x000000008a200000, 0x000000008a300000|  0%| F|  |TAMS 0x000000008a200000, 0x000000008a200000| Untracked 
| 109|0x000000008a300000, 0x000000008a300000, 0x000000008a400000|  0%| F|  |TAMS 0x000000008a300000, 0x000000008a300000| Untracked 
| 110|0x000000008a400000, 0x000000008a400000, 0x000000008a500000|  0%| F|  |TAMS 0x000000008a400000, 0x000000008a400000| Untracked 
| 111|0x000000008a500000, 0x000000008a500000, 0x000000008a600000|  0%| F|  |TAMS 0x000000008a500000, 0x000000008a500000| Untracked 
| 112|0x000000008a600000, 0x000000008a600000, 0x000000008a700000|  0%| F|  |TAMS 0x000000008a600000, 0x000000008a600000| Untracked 
| 113|0x000000008a700000, 0x000000008a700000, 0x000000008a800000|  0%| F|  |TAMS 0x000000008a700000, 0x000000008a700000| Untracked 
| 114|0x000000008a800000, 0x000000008a800000, 0x000000008a900000|  0%| F|  |TAMS 0x000000008a800000, 0x000000008a800000| Untracked 
| 115|0x000000008a900000, 0x000000008a900000, 0x000000008aa00000|  0%| F|  |TAMS 0x000000008a900000, 0x000000008a900000| Untracked 
| 116|0x000000008aa00000, 0x000000008aa00000, 0x000000008ab00000|  0%| F|  |TAMS 0x000000008aa00000, 0x000000008aa00000| Untracked 
| 117|0x000000008ab00000, 0x000000008ab00000, 0x000000008ac00000|  0%| F|  |TAMS 0x000000008ab00000, 0x000000008ab00000| Untracked 
| 118|0x000000008ac00000, 0x000000008ac00000, 0x000000008ad00000|  0%| F|  |TAMS 0x000000008ac00000, 0x000000008ac00000| Untracked 
| 119|0x000000008ad00000, 0x000000008ad00000, 0x000000008ae00000|  0%| F|  |TAMS 0x000000008ad00000, 0x000000008ad00000| Untracked 
| 120|0x000000008ae00000, 0x000000008ae00000, 0x000000008af00000|  0%| F|  |TAMS 0x000000008ae00000, 0x000000008ae00000| Untracked 
| 121|0x000000008af00000, 0x000000008af00000, 0x000000008b000000|  0%| F|  |TAMS 0x000000008af00000, 0x000000008af00000| Untracked 
| 122|0x000000008b000000, 0x000000008b000000, 0x000000008b100000|  0%| F|  |TAMS 0x000000008b000000, 0x000000008b000000| Untracked 
| 123|0x000000008b100000, 0x000000008b100000, 0x000000008b200000|  0%| F|  |TAMS 0x000000008b100000, 0x000000008b100000| Untracked 
| 124|0x000000008b200000, 0x000000008b200000, 0x000000008b300000|  0%| F|  |TAMS 0x000000008b200000, 0x000000008b200000| Untracked 
| 125|0x000000008b300000, 0x000000008b300000, 0x000000008b400000|  0%| F|  |TAMS 0x000000008b300000, 0x000000008b300000| Untracked 

Card table byte_map: [0x0000020df71a0000,0x0000020df7590000] _byte_map_base: 0x0000020df6d85000

Marking Bits (Prev, Next): (CMBitMap*) 0x0000020dee8816a0, (CMBitMap*) 0x0000020dee8816e0
 Prev Bits: [0x0000020df7980000, 0x0000020df98a8000)
 Next Bits: [0x0000020df98b0000, 0x0000020dfb7d8000)

Polling page: 0x0000020dee020000

Metaspace:

Usage:
  Non-class:      4.27 MB capacity,     2.42 MB ( 57%) used,     1.85 MB ( 43%) free+waste,     1.12 KB ( <1%) overhead. 
      Class:    429.00 KB capacity,   249.35 KB ( 58%) used,   178.96 KB ( 42%) free+waste,   704 bytes ( <1%) overhead. 
       Both:      4.69 MB capacity,     2.67 MB ( 57%) used,     2.03 MB ( 43%) free+waste,     1.81 KB ( <1%) overhead. 

Virtual space:
  Non-class space:        8.00 MB reserved,       4.50 MB ( 56%) committed 
      Class space:        1.00 GB reserved,     512.00 KB ( <1%) committed 
             Both:        1.01 GB reserved,       5.00 MB ( <1%) committed 

Chunk freelists:
   Non-Class:  39.00 KB
       Class:  19.00 KB
        Both:  58.00 KB

MaxMetaspaceSize: 17179869184.00 GB
CompressedClassSpaceSize: 1.00 GB

CodeHeap 'non-profiled nmethods': size=120000Kb used=125Kb max_used=125Kb free=119874Kb
 bounds [0x0000020d87ad0000, 0x0000020d87d40000, 0x0000020d8f000000]
CodeHeap 'profiled nmethods': size=120000Kb used=553Kb max_used=553Kb free=119446Kb
 bounds [0x0000020d805a0000, 0x0000020d80810000, 0x0000020d87ad0000]
CodeHeap 'non-nmethods': size=5760Kb used=1225Kb max_used=1243Kb free=4534Kb
 bounds [0x0000020d80000000, 0x0000020d80270000, 0x0000020d805a0000]
 total_blobs=798 nmethods=411 adapters=300
 compilation: enabled
              stopped_count=0, restarted_count=0
 full_count=0

Compilation events (20 events):
Event: 0.811 Thread 0x0000020dfe21eda0 nmethod 403 0x0000020d80626390 code [0x0000020d80626540, 0x0000020d80626708]
Event: 0.813 Thread 0x0000020dfe21eda0  404       3       org.eclipse.jdt.launching.internal.org.objectweb.asm.ClassReader::readUnsignedShort (26 bytes)
Event: 0.813 Thread 0x0000020dfe21eda0 nmethod 404 0x0000020d80626810 code [0x0000020d806269a0, 0x0000020d80626af8]
Event: 0.816 Thread 0x0000020dfe21eda0  405       3       java.lang.StringConcatHelper::stringOf (20 bytes)
Event: 0.817 Thread 0x0000020dfe21eda0 nmethod 405 0x0000020d80626c10 code [0x0000020d80626dc0, 0x0000020d80627008]
Event: 0.817 Thread 0x0000020dfe21eda0  406       3       java.lang.StringConcatHelper::mix (27 bytes)
Event: 0.817 Thread 0x0000020dfe21eda0 nmethod 406 0x0000020d80627110 code [0x0000020d80627300, 0x0000020d80627728]
Event: 0.817 Thread 0x0000020dfe21eda0  407       3       java.lang.StringConcatHelper::prepend (37 bytes)
Event: 0.818 Thread 0x0000020dfe21eda0 nmethod 407 0x0000020d80627910 code [0x0000020d80627ae0, 0x0000020d80627db8]
Event: 0.818 Thread 0x0000020dfe21eda0  408       3       java.io.InputStream::<init> (5 bytes)
Event: 0.818 Thread 0x0000020dfe21eda0 nmethod 408 0x0000020d80627f10 code [0x0000020d806280a0, 0x0000020d806281f8]
Event: 0.819 Thread 0x0000020dfe21eda0  409   !   3       java.security.cert.Certificate::equals (38 bytes)
Event: 0.820 Thread 0x0000020dfe21eda0 nmethod 409 0x0000020d80628290 code [0x0000020d80628500, 0x0000020d806292c8]
Event: 0.820 Thread 0x0000020dfe21eda0  410       3       sun.security.x509.X509CertImpl::getEncodedInternal (20 bytes)
Event: 0.820 Thread 0x0000020dfe21eda0 nmethod 410 0x0000020d80629790 code [0x0000020d80629980, 0x0000020d80629ed8]
Event: 0.824 Thread 0x0000020dfe210340 nmethod 390 0x0000020d87aee010 code [0x0000020d87aee1c0, 0x0000020d87aeedf8]
Event: 0.824 Thread 0x0000020dfe210340  395       4       java.lang.String::charAt (25 bytes)
Event: 0.826 Thread 0x0000020dfe210340 nmethod 395 0x0000020d87aef090 code [0x0000020d87aef220, 0x0000020d87aef388]
Event: 0.826 Thread 0x0000020dfe21eda0  411       3       java.lang.Character::toLowerCase (9 bytes)
Event: 0.827 Thread 0x0000020dfe21eda0 nmethod 411 0x0000020d8062a090 code [0x0000020d8062a240, 0x0000020d8062a418]

GC Heap History (4 events):
Event: 0.831 GC heap before
{Heap before GC invocations=0 (full 0):
 garbage-first heap   total 129024K, used 4096K [0x0000000083600000, 0x0000000100000000)
  region size 1024K, 5 young (5120K), 0 survivors (0K)
 Metaspace       used 2730K, capacity 4806K, committed 5120K, reserved 1056768K
  class space    used 249K, capacity 429K, committed 512K, reserved 1048576K
}
Event: 0.834 GC heap after
{Heap after GC invocations=1 (full 0):
 garbage-first heap   total 129024K, used 1409K [0x0000000083600000, 0x0000000100000000)
  region size 1024K, 2 young (2048K), 2 survivors (2048K)
 Metaspace       used 2730K, capacity 4806K, committed 5120K, reserved 1056768K
  class space    used 249K, capacity 429K, committed 512K, reserved 1048576K
}
Event: 0.836 GC heap before
{Heap before GC invocations=1 (full 0):
 garbage-first heap   total 129024K, used 1409K [0x0000000083600000, 0x0000000100000000)
  region size 1024K, 2 young (2048K), 2 survivors (2048K)
 Metaspace       used 2730K, capacity 4806K, committed 5120K, reserved 1056768K
  class space    used 249K, capacity 429K, committed 512K, reserved 1048576K
}
Event: 0.839 GC heap after
{Heap after GC invocations=2 (full 0):
 garbage-first heap   total 129024K, used 1405K [0x0000000083600000, 0x0000000100000000)
  region size 1024K, 0 young (0K), 0 survivors (0K)
 Metaspace       used 2730K, capacity 4806K, committed 5120K, reserved 1056768K
  class space    used 249K, capacity 429K, committed 512K, reserved 1048576K
}

Deoptimization events (20 events):
Event: 0.783 Thread 0x0000020dee840900 DEOPT PACKING pc=0x0000020d806121ac sp=0x000000181acf83a0
Event: 0.783 Thread 0x0000020dee840900 DEOPT UNPACKING pc=0x0000020d8004e23f sp=0x000000181acf7868 mode 0
Event: 0.785 Thread 0x0000020dee840900 DEOPT PACKING pc=0x0000020d806121ac sp=0x000000181acf83a0
Event: 0.785 Thread 0x0000020dee840900 DEOPT UNPACKING pc=0x0000020d8004e23f sp=0x000000181acf7868 mode 0
Event: 0.789 Thread 0x0000020dee840900 DEOPT PACKING pc=0x0000020d806121ac sp=0x000000181acf83a0
Event: 0.789 Thread 0x0000020dee840900 DEOPT UNPACKING pc=0x0000020d8004e23f sp=0x000000181acf7868 mode 0
Event: 0.790 Thread 0x0000020dee840900 DEOPT PACKING pc=0x0000020d806121ac sp=0x000000181acf83a0
Event: 0.790 Thread 0x0000020dee840900 DEOPT UNPACKING pc=0x0000020d8004e23f sp=0x000000181acf7868 mode 0
Event: 0.790 Thread 0x0000020dee840900 DEOPT PACKING pc=0x0000020d806121ac sp=0x000000181acf83a0
Event: 0.790 Thread 0x0000020dee840900 DEOPT UNPACKING pc=0x0000020d8004e23f sp=0x000000181acf7868 mode 0
Event: 0.798 Thread 0x0000020dee840900 DEOPT PACKING pc=0x0000020d806121ac sp=0x000000181acfbe80
Event: 0.798 Thread 0x0000020dee840900 DEOPT UNPACKING pc=0x0000020d8004e23f sp=0x000000181acfb348 mode 0
Event: 0.798 Thread 0x0000020dee840900 DEOPT PACKING pc=0x0000020d806121ac sp=0x000000181acfbe80
Event: 0.798 Thread 0x0000020dee840900 DEOPT UNPACKING pc=0x0000020d8004e23f sp=0x000000181acfb348 mode 0
Event: 0.799 Thread 0x0000020dee840900 DEOPT PACKING pc=0x0000020d806121ac sp=0x000000181acfbe80
Event: 0.799 Thread 0x0000020dee840900 DEOPT UNPACKING pc=0x0000020d8004e23f sp=0x000000181acfb348 mode 0
Event: 0.802 Thread 0x0000020dee840900 DEOPT PACKING pc=0x0000020d806121ac sp=0x000000181acf8320
Event: 0.802 Thread 0x0000020dee840900 DEOPT UNPACKING pc=0x0000020d8004e23f sp=0x000000181acf77e8 mode 0
Event: 0.823 Thread 0x0000020dee840900 DEOPT PACKING pc=0x0000020d806121ac sp=0x000000181acf7f90
Event: 0.824 Thread 0x0000020dee840900 DEOPT UNPACKING pc=0x0000020d8004e23f sp=0x000000181acf7458 mode 0

Classes unloaded (0 events):
No events

Classes redefined (0 events):
No events

Internal exceptions (3 events):
Event: 0.578 Thread 0x0000020dee840900 Exception <a 'java/lang/NoSuchMethodError'{0x000000008b125a38}: 'void java.lang.invoke.DirectMethodHandle$Holder.invokeStatic(java.lang.Object, java.lang.Object)'> (0x000000008b125a38) 
thrown [./open/src/hotspot/share/interpreter/linkResolver.cpp, line 782]
Event: 0.580 Thread 0x0000020dee840900 Exception <a 'java/lang/NoSuchMethodError'{0x000000008b1296e0}: 'void java.lang.invoke.DirectMethodHandle$Holder.invokeStaticInit(java.lang.Object, java.lang.Object)'> (0x000000008b1296e0) 
thrown [./open/src/hotspot/share/interpreter/linkResolver.cpp, line 782]
Event: 0.736 Thread 0x0000020dee840900 Exception <a 'java/lang/NoSuchMethodError'{0x000000008b0c5890}: 'java.lang.Object java.lang.invoke.DirectMethodHandle$Holder.invokeStatic(java.lang.Object)'> (0x000000008b0c5890) 
thrown [./open/src/hotspot/share/interpreter/linkResolver.cpp, line 782]

Events (20 events):
Event: 0.774 loading class jdk/internal/reflect/UTF8 done
Event: 0.776 loading class jdk/internal/reflect/Label
Event: 0.776 loading class jdk/internal/reflect/Label done
Event: 0.776 loading class jdk/internal/reflect/Label$PatchInfo
Event: 0.776 loading class jdk/internal/reflect/Label$PatchInfo done
Event: 0.776 loading class jdk/internal/reflect/MethodAccessorGenerator$1
Event: 0.776 loading class jdk/internal/reflect/MethodAccessorGenerator$1 done
Event: 0.777 loading class jdk/internal/reflect/ClassDefiner
Event: 0.777 loading class jdk/internal/reflect/ClassDefiner done
Event: 0.777 loading class jdk/internal/reflect/ClassDefiner$1
Event: 0.777 loading class jdk/internal/reflect/ClassDefiner$1 done
Event: 0.777 loading class jdk/internal/reflect/BootstrapConstructorAccessorImpl
Event: 0.777 loading class jdk/internal/reflect/BootstrapConstructorAccessorImpl done
Event: 0.795 loading class java/lang/IndexOutOfBoundsException
Event: 0.795 loading class java/lang/IndexOutOfBoundsException done
Event: 0.828 loading class java/lang/IllegalStateException
Event: 0.828 loading class java/lang/IllegalStateException done
Event: 0.830 Executing VM operation: G1TryInitiateConcMark
Event: 0.835 Executing VM operation: G1TryInitiateConcMark done
Event: 0.835 Executing VM operation: G1CollectForAllocation


Dynamic libraries:
0x00007ff71d0c0000 - 0x00007ff71d0cf000 	C:\Program Files\Java\jdk-15.0.1\bin\javaw.exe
0x00007ffc82010000 - 0x00007ffc82205000 	C:\WINDOWS\SYSTEM32\ntdll.dll
0x00007ffc81eb0000 - 0x00007ffc81f6d000 	C:\WINDOWS\System32\KERNEL32.DLL
0x00007ffc7f750000 - 0x00007ffc7fa18000 	C:\WINDOWS\System32\KERNELBASE.dll
0x00007ffc7fe70000 - 0x00007ffc7ff70000 	C:\WINDOWS\System32\ucrtbase.dll
0x00007ffc6fef0000 - 0x00007ffc6ff09000 	C:\Program Files\Java\jdk-15.0.1\bin\VCRUNTIME140.dll
0x00007ffc6fe60000 - 0x00007ffc6fe78000 	C:\Program Files\Java\jdk-15.0.1\bin\jli.dll
0x00007ffc81280000 - 0x00007ffc8132c000 	C:\WINDOWS\System32\ADVAPI32.dll
0x00007ffc81af0000 - 0x00007ffc81b8e000 	C:\WINDOWS\System32\msvcrt.dll
0x00007ffc81b90000 - 0x00007ffc81c2b000 	C:\WINDOWS\System32\sechost.dll
0x00007ffc81d50000 - 0x00007ffc81e7b000 	C:\WINDOWS\System32\RPCRT4.dll
0x00007ffc81400000 - 0x00007ffc815a0000 	C:\WINDOWS\System32\USER32.dll
0x00007ffc7fac0000 - 0x00007ffc7fae2000 	C:\WINDOWS\System32\win32u.dll
0x00007ffc81e80000 - 0x00007ffc81eaa000 	C:\WINDOWS\System32\GDI32.dll
0x00007ffc7fbd0000 - 0x00007ffc7fcdb000 	C:\WINDOWS\System32\gdi32full.dll
0x00007ffc7fa20000 - 0x00007ffc7fabd000 	C:\WINDOWS\System32\msvcp_win.dll
0x00007ffc639d0000 - 0x00007ffc63c6a000 	C:\WINDOWS\WinSxS\amd64_microsoft.windows.common-controls_6595b64144ccf1df_6.0.19041.844_none_ca00b6081b84eb1d\COMCTL32.dll
0x00007ffc734f0000 - 0x00007ffc734fa000 	C:\WINDOWS\SYSTEM32\VERSION.dll
0x00007ffc80bf0000 - 0x00007ffc80c20000 	C:\WINDOWS\System32\IMM32.DLL
0x00007ffc729b0000 - 0x00007ffc729bc000 	C:\Program Files\Java\jdk-15.0.1\bin\vcruntime140_1.dll
0x00007ffc492e0000 - 0x00007ffc49371000 	C:\Program Files\Java\jdk-15.0.1\bin\msvcp140.dll
0x00007ffc15800000 - 0x00007ffc1635e000 	C:\Program Files\Java\jdk-15.0.1\bin\server\jvm.dll
0x00007ffc80e10000 - 0x00007ffc80e18000 	C:\WINDOWS\System32\PSAPI.DLL
0x00007ffc608d0000 - 0x00007ffc608d9000 	C:\WINDOWS\SYSTEM32\WSOCK32.dll
0x00007ffc6fa30000 - 0x00007ffc6fa57000 	C:\WINDOWS\SYSTEM32\WINMM.dll
0x00007ffc81210000 - 0x00007ffc8127b000 	C:\WINDOWS\System32\WS2_32.dll
0x00007ffc7e020000 - 0x00007ffc7e032000 	C:\WINDOWS\SYSTEM32\kernel.appcore.dll
0x00007ffc71e10000 - 0x00007ffc71e1a000 	C:\Program Files\Java\jdk-15.0.1\bin\jimage.dll
0x00007ffc7de10000 - 0x00007ffc7dff4000 	C:\WINDOWS\SYSTEM32\DBGHELP.DLL
0x00007ffc73c60000 - 0x00007ffc73c8c000 	C:\WINDOWS\SYSTEM32\dbgcore.DLL
0x00007ffc7fb50000 - 0x00007ffc7fbd0000 	C:\WINDOWS\System32\bcryptPrimitives.dll
0x00007ffc58110000 - 0x00007ffc58149000 	C:\Program Files\Java\jdk-15.0.1\bin\jdwp.dll
0x00007ffc6fe30000 - 0x00007ffc6fe3e000 	C:\Program Files\Java\jdk-15.0.1\bin\instrument.dll
0x00007ffc6fa80000 - 0x00007ffc6faa5000 	C:\Program Files\Java\jdk-15.0.1\bin\java.dll
0x00007ffc80070000 - 0x00007ffc807b2000 	C:\WINDOWS\System32\SHELL32.dll
0x00007ffc7d5a0000 - 0x00007ffc7dd31000 	C:\WINDOWS\SYSTEM32\windows.storage.dll
0x00007ffc80eb0000 - 0x00007ffc81205000 	C:\WINDOWS\System32\combase.dll
0x00007ffc7f150000 - 0x00007ffc7f17c000 	C:\WINDOWS\SYSTEM32\Wldp.dll
0x00007ffc80c20000 - 0x00007ffc80cce000 	C:\WINDOWS\System32\SHCORE.dll
0x00007ffc80cd0000 - 0x00007ffc80d25000 	C:\WINDOWS\System32\shlwapi.dll
0x00007ffc7f690000 - 0x00007ffc7f6af000 	C:\WINDOWS\SYSTEM32\profapi.dll
0x00007ffc6ecc0000 - 0x00007ffc6eccb000 	C:\Program Files\Java\jdk-15.0.1\bin\dt_socket.dll
0x00007ffc7eb50000 - 0x00007ffc7eb8b000 	C:\WINDOWS\SYSTEM32\IPHLPAPI.DLL
0x00007ffc7ee60000 - 0x00007ffc7eeca000 	C:\WINDOWS\system32\mswsock.dll
0x00007ffc7eb90000 - 0x00007ffc7ec5c000 	C:\WINDOWS\SYSTEM32\DNSAPI.dll
0x00007ffc815a0000 - 0x00007ffc815a8000 	C:\WINDOWS\System32\NSI.dll
0x00007ffc74df0000 - 0x00007ffc74dfa000 	C:\Windows\System32\rasadhlp.dll
0x00007ffc73540000 - 0x00007ffc735bf000 	C:\WINDOWS\System32\fwpuclnt.dll
0x00007ffc7fce0000 - 0x00007ffc7fd07000 	C:\WINDOWS\System32\bcrypt.dll
0x00007ffc6f480000 - 0x00007ffc6f498000 	C:\Program Files\Java\jdk-15.0.1\bin\zip.dll
0x00007ffc6fb20000 - 0x00007ffc6fb39000 	C:\Program Files\Java\jdk-15.0.1\bin\net.dll
0x00007ffc767a0000 - 0x00007ffc768ab000 	C:\WINDOWS\SYSTEM32\WINHTTP.dll
0x00007ffc6fa60000 - 0x00007ffc6fa72000 	C:\Program Files\Java\jdk-15.0.1\bin\nio.dll
0x00007ffc71840000 - 0x00007ffc71850000 	C:\Program Files\Java\jdk-15.0.1\bin\verify.dll

dbghelp: loaded successfully - version: 4.0.5 - missing functions: none
symbol engine: initialized successfully - sym options: 0x614 - pdb path: .;C:\Program Files\Java\jdk-15.0.1\bin;C:\WINDOWS\SYSTEM32;C:\WINDOWS\WinSxS\amd64_microsoft.windows.common-controls_6595b64144ccf1df_6.0.19041.844_none_ca00b6081b84eb1d;C:\Program Files\Java\jdk-15.0.1\bin\server

VM Arguments:
jvm_args: -XX:+ShowCodeDetailsInExceptionMessages -agentlib:jdwp=transport=dt_socket,suspend=y,address=localhost:58909 -javaagent:C:\Users\Asus\Desktop\linux-sql- java\eclipse\configuration\org.eclipse.osgi\215\0\.cp\lib\javaagent-shaded.jar -Dfile.encoding=Cp1252 
java_command: assembly.assembly_line
java_class_path (initial): C:\Users\Asus\Desktop\JAVA\Assembly\bin
Launcher Type: SUN_STANDARD

[Global flags]
     intx CICompilerCount                          = 4                                         {product} {ergonomic}
     uint ConcGCThreads                            = 2                                         {product} {ergonomic}
     uint G1ConcRefinementThreads                  = 8                                         {product} {ergonomic}
   size_t G1HeapRegionSize                         = 1048576                                   {product} {ergonomic}
    uintx GCDrainStackTargetSize                   = 64                                        {product} {ergonomic}
   size_t InitialHeapSize                          = 132120576                                 {product} {ergonomic}
   size_t MarkStackSize                            = 4194304                                   {product} {ergonomic}
   size_t MaxHeapSize                              = 2090860544                                {product} {ergonomic}
   size_t MaxNewSize                               = 1254096896                                {product} {ergonomic}
   size_t MinHeapDeltaBytes                        = 1048576                                   {product} {ergonomic}
   size_t MinHeapSize                              = 8388608                                   {product} {ergonomic}
    uintx NonNMethodCodeHeapSize                   = 5839372                                {pd product} {ergonomic}
    uintx NonProfiledCodeHeapSize                  = 122909434                              {pd product} {ergonomic}
    uintx ProfiledCodeHeapSize                     = 122909434                              {pd product} {ergonomic}
    uintx ReservedCodeCacheSize                    = 251658240                              {pd product} {ergonomic}
     bool SegmentedCodeCache                       = true                                      {product} {ergonomic}
     bool ShowCodeDetailsInExceptionMessages       = true                                   {manageable} {command line}
   size_t SoftMaxHeapSize                          = 2090860544                             {manageable} {ergonomic}
     bool UseCompressedClassPointers               = true                                 {lp64_product} {ergonomic}
     bool UseCompressedOops                        = true                                 {lp64_product} {ergonomic}
     bool UseG1GC                                  = true                                      {product} {ergonomic}
     bool UseLargePagesIndividualAllocation        = false                                  {pd product} {ergonomic}

Logging:
Log output configuration:
 #0: stdout all=warning uptime,level,tags
 #1: stderr all=off uptime,level,tags

Environment Variables:
PATH=C:\Program Files\Common Files\Oracle\Java\javapath;C:\Program Files (x86)\Common Files\Oracle\Java\javapath;C:\oraclexe\app\oracle\product\11.2.0\server\bin;C:\WINDOWS\system32;C:\WINDOWS;C:\WINDOWS\System32\Wbem;C:\WINDOWS\System32\WindowsPowerShell\v1.0\;C:\WINDOWS\System32\OpenSSH\;C:\Program Files\Intel\WiFi\bin\;C:\Program Files\Common Files\Intel\WirelessCommon\;C:\Program Files\Microsoft SQL Server\110\Tools\Binn\;C:\Program Files\Git\cmd;C:\Program Files\Git\mingw64\bin;C:\Program Files\Git\usr\bin;C:\Users\Asus\AppData\Local\Microsoft\WindowsApps;C:\Users\Asus\AppData\Local\atom\bin;C:\php;;%USERPROFILE%\AppData\Local\Microsoft\WindowsApps
USERNAME=Asus
OS=Windows_NT
PROCESSOR_IDENTIFIER=Intel64 Family 6 Model 142 Stepping 12, GenuineIntel



---------------  S Y S T E M  ---------------

OS:
 Windows 10 , 64 bit Build 19041 (10.0.19041.928)
OS uptime: 1 days 0:17 hours

CPU: total 8 (initial active 8) (4 cores per cpu, 2 threads per core) family 6 model 142 stepping 12 microcode 0xb8, cmov, cx8, fxsr, mmx, sse, sse2, sse3, ssse3, sse4.1, sse4.2, popcnt, vzeroupper, avx, avx2, aes, clmul, erms, 3dnowpref, lzcnt, ht, tsc, tscinvbit, bmi1, bmi2, adx, fma, clflush, clflushopt

Memory: 4k page, system-wide physical 7974M (900M free)
TotalPageFile size 32495M (AvailPageFile size 1148M)
current process WorkingSet (physical memory assigned to process): 45M, peak: 45M
current process commit charge ("private bytes"): 215M, peak: 2083M

vm_info: Java HotSpot(TM) 64-Bit Server VM (15.0.1+9-18) for windows-amd64 JRE (15.0.1+9-18), built on Sep 15 2020 14:43:54 by "mach5one" with unknown MS VC++:1925

END.
